[2023-09-24 14:29:23.335] [INFO ] [main] com.kts.tku2.Tku2Application Starting Tku2Application using Java 11.0.19 on DESKTOP-5VEEVGU with PID 14232 (C:\intelj\tku3\target\classes started by Playdata in C:\intelj\tku3)
[2023-09-24 14:29:23.351] [INFO ] [main] com.kts.tku2.Tku2Application No active profile set, falling back to default profiles: default
[2023-09-24 14:29:24.194] [INFO ] [main] org.springframework.data.repository.config.RepositoryConfigurationDelegate Bootstrapping Spring Data JPA repositories in DEFAULT mode.
[2023-09-24 14:29:24.288] [INFO ] [main] org.springframework.data.repository.config.RepositoryConfigurationDelegate Finished Spring Data repository scanning in 77 ms. Found 5 JPA repository interfaces.
[2023-09-24 14:29:24.814] [INFO ] [main] org.springframework.boot.web.embedded.tomcat.TomcatWebServer Tomcat initialized with port(s): 8090 (http)
[2023-09-24 14:29:24.829] [INFO ] [main] org.apache.coyote.http11.Http11NioProtocol Initializing ProtocolHandler ["http-nio-8090"]
[2023-09-24 14:29:24.829] [INFO ] [main] org.apache.catalina.core.StandardService Starting service [Tomcat]
[2023-09-24 14:29:24.829] [INFO ] [main] org.apache.catalina.core.StandardEngine Starting Servlet engine: [Apache Tomcat/9.0.54]
[2023-09-24 14:29:24.954] [INFO ] [main] org.apache.catalina.core.ContainerBase.[Tomcat].[localhost].[/] Initializing Spring embedded WebApplicationContext
[2023-09-24 14:29:24.954] [INFO ] [main] org.springframework.boot.web.servlet.context.ServletWebServerApplicationContext Root WebApplicationContext: initialization completed in 1525 ms
[2023-09-24 14:29:25.173] [INFO ] [main] org.hibernate.jpa.internal.util.LogHelper HHH000204: Processing PersistenceUnitInfo [name: default]
[2023-09-24 14:29:25.236] [INFO ] [main] org.hibernate.Version HHH000412: Hibernate ORM core version 5.4.32.Final
[2023-09-24 14:29:25.376] [INFO ] [main] org.hibernate.annotations.common.Version HCANN000001: Hibernate Commons Annotations {5.1.2.Final}
[2023-09-24 14:29:25.486] [INFO ] [main] com.zaxxer.hikari.HikariDataSource HikariPool-1 - Starting...
[2023-09-24 14:29:25.532] [INFO ] [main] com.zaxxer.hikari.HikariDataSource HikariPool-1 - Start completed.
[2023-09-24 14:29:25.564] [INFO ] [main] org.hibernate.dialect.Dialect HHH000400: Using dialect: org.hibernate.dialect.MariaDB103Dialect
[2023-09-24 14:29:26.235] [INFO ] [main] org.hibernate.engine.transaction.jta.platform.internal.JtaPlatformInitiator HHH000490: Using JtaPlatform implementation: [org.hibernate.engine.transaction.jta.platform.internal.NoJtaPlatform]
[2023-09-24 14:29:26.235] [INFO ] [main] org.springframework.orm.jpa.LocalContainerEntityManagerFactoryBean Initialized JPA EntityManagerFactory for persistence unit 'default'
[2023-09-24 14:29:26.751] [WARN ] [main] org.springframework.boot.autoconfigure.orm.jpa.JpaBaseConfiguration$JpaWebConfiguration spring.jpa.open-in-view is enabled by default. Therefore, database queries may be performed during view rendering. Explicitly configure spring.jpa.open-in-view to disable this warning
[2023-09-24 14:29:26.970] [INFO ] [main] org.springframework.boot.autoconfigure.web.servlet.WelcomePageHandlerMapping Adding welcome page template: index
[2023-09-24 14:29:27.048] [WARN ] [main] org.thymeleaf.templatemode.TemplateMode [THYMELEAF][main] Template Mode 'HTML5' is deprecated. Using Template Mode 'HTML' instead.
[2023-09-24 14:29:27.141] [INFO ] [main] org.apache.coyote.http11.Http11NioProtocol Starting ProtocolHandler ["http-nio-8090"]
[2023-09-24 14:29:27.173] [INFO ] [main] org.springframework.boot.web.embedded.tomcat.TomcatWebServer Tomcat started on port(s): 8090 (http) with context path ''
[2023-09-24 14:29:27.173] [INFO ] [main] com.kts.tku2.Tku2Application Started Tku2Application in 4.645 seconds (JVM running for 6.037)
[2023-09-24 14:29:38.197] [INFO ] [http-nio-8090-exec-1] org.apache.catalina.core.ContainerBase.[Tomcat].[localhost].[/] Initializing Spring DispatcherServlet 'dispatcherServlet'
[2023-09-24 14:29:38.197] [INFO ] [http-nio-8090-exec-1] org.springframework.web.servlet.DispatcherServlet Initializing Servlet 'dispatcherServlet'
[2023-09-24 14:29:38.197] [INFO ] [http-nio-8090-exec-1] org.springframework.web.servlet.DispatcherServlet Completed initialization in 0 ms
[2023-09-24 14:29:44.198] [WARN ] [http-nio-8090-exec-3] org.apache.catalina.util.SessionIdGeneratorBase Creation of SecureRandom instance for session ID generation using [SHA1PRNG] took [169] milliseconds.
[2023-09-24 14:37:27.707] [INFO ] [SpringApplicationShutdownHook] org.springframework.orm.jpa.LocalContainerEntityManagerFactoryBean Closing JPA EntityManagerFactory for persistence unit 'default'
[2023-09-24 14:37:27.707] [INFO ] [SpringApplicationShutdownHook] com.zaxxer.hikari.HikariDataSource HikariPool-1 - Shutdown initiated...
[2023-09-24 14:37:27.722] [INFO ] [SpringApplicationShutdownHook] com.zaxxer.hikari.HikariDataSource HikariPool-1 - Shutdown completed.
[2023-09-24 14:37:32.182] [INFO ] [main] com.kts.tku2.Tku2Application Starting Tku2Application using Java 11.0.19 on DESKTOP-5VEEVGU with PID 16080 (C:\intelj\tku3\target\classes started by Playdata in C:\intelj\tku3)
[2023-09-24 14:37:32.198] [INFO ] [main] com.kts.tku2.Tku2Application No active profile set, falling back to default profiles: default
[2023-09-24 14:37:32.917] [INFO ] [main] org.springframework.data.repository.config.RepositoryConfigurationDelegate Bootstrapping Spring Data JPA repositories in DEFAULT mode.
[2023-09-24 14:37:32.995] [INFO ] [main] org.springframework.data.repository.config.RepositoryConfigurationDelegate Finished Spring Data repository scanning in 58 ms. Found 5 JPA repository interfaces.
[2023-09-24 14:37:33.432] [INFO ] [main] org.springframework.boot.web.embedded.tomcat.TomcatWebServer Tomcat initialized with port(s): 8090 (http)
[2023-09-24 14:37:33.448] [INFO ] [main] org.apache.coyote.http11.Http11NioProtocol Initializing ProtocolHandler ["http-nio-8090"]
[2023-09-24 14:37:33.448] [INFO ] [main] org.apache.catalina.core.StandardService Starting service [Tomcat]
[2023-09-24 14:37:33.448] [INFO ] [main] org.apache.catalina.core.StandardEngine Starting Servlet engine: [Apache Tomcat/9.0.54]
[2023-09-24 14:37:33.541] [INFO ] [main] org.apache.catalina.core.ContainerBase.[Tomcat].[localhost].[/] Initializing Spring embedded WebApplicationContext
[2023-09-24 14:37:33.541] [INFO ] [main] org.springframework.boot.web.servlet.context.ServletWebServerApplicationContext Root WebApplicationContext: initialization completed in 1281 ms
[2023-09-24 14:37:33.713] [INFO ] [main] org.hibernate.jpa.internal.util.LogHelper HHH000204: Processing PersistenceUnitInfo [name: default]
[2023-09-24 14:37:33.760] [INFO ] [main] org.hibernate.Version HHH000412: Hibernate ORM core version 5.4.32.Final
[2023-09-24 14:37:33.870] [INFO ] [main] org.hibernate.annotations.common.Version HCANN000001: Hibernate Commons Annotations {5.1.2.Final}
[2023-09-24 14:37:33.963] [INFO ] [main] com.zaxxer.hikari.HikariDataSource HikariPool-1 - Starting...
[2023-09-24 14:37:34.010] [INFO ] [main] com.zaxxer.hikari.HikariDataSource HikariPool-1 - Start completed.
[2023-09-24 14:37:34.026] [INFO ] [main] org.hibernate.dialect.Dialect HHH000400: Using dialect: org.hibernate.dialect.MariaDB103Dialect
[2023-09-24 14:37:34.776] [INFO ] [main] org.hibernate.engine.transaction.jta.platform.internal.JtaPlatformInitiator HHH000490: Using JtaPlatform implementation: [org.hibernate.engine.transaction.jta.platform.internal.NoJtaPlatform]
[2023-09-24 14:37:34.791] [INFO ] [main] org.springframework.orm.jpa.LocalContainerEntityManagerFactoryBean Initialized JPA EntityManagerFactory for persistence unit 'default'
[2023-09-24 14:37:35.275] [WARN ] [main] org.springframework.boot.autoconfigure.orm.jpa.JpaBaseConfiguration$JpaWebConfiguration spring.jpa.open-in-view is enabled by default. Therefore, database queries may be performed during view rendering. Explicitly configure spring.jpa.open-in-view to disable this warning
[2023-09-24 14:37:35.463] [INFO ] [main] org.springframework.boot.autoconfigure.web.servlet.WelcomePageHandlerMapping Adding welcome page template: index
[2023-09-24 14:37:35.553] [WARN ] [main] org.thymeleaf.templatemode.TemplateMode [THYMELEAF][main] Template Mode 'HTML5' is deprecated. Using Template Mode 'HTML' instead.
[2023-09-24 14:37:35.758] [INFO ] [main] org.apache.coyote.http11.Http11NioProtocol Starting ProtocolHandler ["http-nio-8090"]
[2023-09-24 14:37:35.803] [INFO ] [main] org.springframework.boot.web.embedded.tomcat.TomcatWebServer Tomcat started on port(s): 8090 (http) with context path ''
[2023-09-24 14:37:35.819] [INFO ] [main] com.kts.tku2.Tku2Application Started Tku2Application in 4.374 seconds (JVM running for 5.72)
[2023-09-24 14:37:40.695] [INFO ] [http-nio-8090-exec-1] org.apache.catalina.core.ContainerBase.[Tomcat].[localhost].[/] Initializing Spring DispatcherServlet 'dispatcherServlet'
[2023-09-24 14:37:40.695] [INFO ] [http-nio-8090-exec-1] org.springframework.web.servlet.DispatcherServlet Initializing Servlet 'dispatcherServlet'
[2023-09-24 14:37:40.695] [INFO ] [http-nio-8090-exec-1] org.springframework.web.servlet.DispatcherServlet Completed initialization in 0 ms
[2023-09-24 14:37:44.879] [WARN ] [http-nio-8090-exec-3] org.apache.catalina.util.SessionIdGeneratorBase Creation of SecureRandom instance for session ID generation using [SHA1PRNG] took [172] milliseconds.
[2023-09-24 14:39:10.288] [INFO ] [SpringApplicationShutdownHook] org.springframework.orm.jpa.LocalContainerEntityManagerFactoryBean Closing JPA EntityManagerFactory for persistence unit 'default'
[2023-09-24 14:39:10.290] [INFO ] [SpringApplicationShutdownHook] com.zaxxer.hikari.HikariDataSource HikariPool-1 - Shutdown initiated...
[2023-09-24 14:39:10.296] [INFO ] [SpringApplicationShutdownHook] com.zaxxer.hikari.HikariDataSource HikariPool-1 - Shutdown completed.
